<?xml version="1.0" encoding="UTF-8"?>
<testsuite xmlns:xsi="http://www.w3.org/2001/XMLSchema-instance" xsi:noNamespaceSchemaLocation="https://maven.apache.org/surefire/maven-surefire-plugin/xsd/surefire-test-report.xsd" name="org.mcs.dao.UserDaoTest" time="1.581" tests="3" errors="1" skipped="0" failures="0">
  <properties>
    <property name="sun.desktop" value="windows"/>
    <property name="awt.toolkit" value="sun.awt.windows.WToolkit"/>
    <property name="file.encoding.pkg" value="sun.io"/>
    <property name="java.specification.version" value="1.8"/>
    <property name="sun.cpu.isalist" value="amd64"/>
    <property name="sun.jnu.encoding" value="GBK"/>
    <property name="java.class.path" value="D:\MyCode\sunhongbin\target\test-classes;D:\MyCode\sunhongbin\target\classes;D:\Maven repository\repository\junit\junit\4.11\junit-4.11.jar;D:\Maven repository\repository\org\hamcrest\hamcrest-core\1.3\hamcrest-core-1.3.jar;D:\Maven repository\repository\org\slf4j\slf4j-api\1.7.12\slf4j-api-1.7.12.jar;D:\Maven repository\repository\ch\qos\logback\logback-core\1.1.11\logback-core-1.1.11.jar;D:\Maven repository\repository\ch\qos\logback\logback-classic\1.2.3\logback-classic-1.2.3.jar;D:\Maven repository\repository\mysql\mysql-connector-java\5.1.37\mysql-connector-java-5.1.37.jar;D:\Maven repository\repository\c3p0\c3p0\0.9.1.2\c3p0-0.9.1.2.jar;D:\Maven repository\repository\org\mybatis\mybatis\3.3.0\mybatis-3.3.0.jar;D:\Maven repository\repository\org\mybatis\mybatis-spring\1.2.3\mybatis-spring-1.2.3.jar;D:\Maven repository\repository\taglibs\standard\1.1.2\standard-1.1.2.jar;D:\Maven repository\repository\jstl\jstl\1.2\jstl-1.2.jar;D:\Maven repository\repository\com\fasterxml\jackson\core\jackson-databind\2.5.4\jackson-databind-2.5.4.jar;D:\Maven repository\repository\com\fasterxml\jackson\core\jackson-annotations\2.5.0\jackson-annotations-2.5.0.jar;D:\Maven repository\repository\com\fasterxml\jackson\core\jackson-core\2.5.4\jackson-core-2.5.4.jar;D:\Maven repository\repository\javax\servlet\javax.servlet-api\3.1.0\javax.servlet-api-3.1.0.jar;D:\Maven repository\repository\org\springframework\spring-core\4.1.7.RELEASE\spring-core-4.1.7.RELEASE.jar;D:\Maven repository\repository\commons-logging\commons-logging\1.2\commons-logging-1.2.jar;D:\Maven repository\repository\org\springframework\spring-beans\4.1.7.RELEASE\spring-beans-4.1.7.RELEASE.jar;D:\Maven repository\repository\org\springframework\spring-context\4.1.7.RELEASE\spring-context-4.1.7.RELEASE.jar;D:\Maven repository\repository\org\springframework\spring-aop\4.1.7.RELEASE\spring-aop-4.1.7.RELEASE.jar;D:\Maven repository\repository\aopalliance\aopalliance\1.0\aopalliance-1.0.jar;D:\Maven repository\repository\org\springframework\spring-expression\4.1.7.RELEASE\spring-expression-4.1.7.RELEASE.jar;D:\Maven repository\repository\org\springframework\spring-jdbc\4.1.7.RELEASE\spring-jdbc-4.1.7.RELEASE.jar;D:\Maven repository\repository\org\springframework\spring-tx\4.1.7.RELEASE\spring-tx-4.1.7.RELEASE.jar;D:\Maven repository\repository\org\springframework\spring-web\4.1.7.RELEASE\spring-web-4.1.7.RELEASE.jar;D:\Maven repository\repository\org\springframework\spring-webmvc\4.1.7.RELEASE\spring-webmvc-4.1.7.RELEASE.jar;D:\Maven repository\repository\org\springframework\spring-test\4.1.7.RELEASE\spring-test-4.1.7.RELEASE.jar;D:\Maven repository\repository\redis\clients\jedis\2.7.3\jedis-2.7.3.jar;D:\Maven repository\repository\org\apache\commons\commons-pool2\2.3\commons-pool2-2.3.jar;D:\Maven repository\repository\com\dyuproject\protostuff\protostuff-core\1.0.8\protostuff-core-1.0.8.jar;D:\Maven repository\repository\com\dyuproject\protostuff\protostuff-api\1.0.8\protostuff-api-1.0.8.jar;D:\Maven repository\repository\com\dyuproject\protostuff\protostuff-runtime\1.0.8\protostuff-runtime-1.0.8.jar;D:\Maven repository\repository\com\dyuproject\protostuff\protostuff-collectionschema\1.0.8\protostuff-collectionschema-1.0.8.jar;D:\Maven repository\repository\commons-collections\commons-collections\3.2\commons-collections-3.2.jar;D:\Maven repository\repository\com\squareup\okhttp3\okhttp\3.11.0\okhttp-3.11.0.jar;D:\Maven repository\repository\com\squareup\okio\okio\1.14.0\okio-1.14.0.jar;"/>
    <property name="java.vm.vendor" value="Oracle Corporation"/>
    <property name="sun.arch.data.model" value="64"/>
    <property name="user.variant" value=""/>
    <property name="java.vendor.url" value="http://java.oracle.com/"/>
    <property name="user.timezone" value=""/>
    <property name="java.vm.specification.version" value="1.8"/>
    <property name="os.name" value="Windows 10"/>
    <property name="user.country" value="CN"/>
    <property name="sun.java.launcher" value="SUN_STANDARD"/>
    <property name="sun.boot.library.path" value="C:\Program Files\Java\jdk1.8.0_181\jre\bin"/>
    <property name="sun.java.command" value="C:\Users\SuperBin\AppData\Local\Temp\surefire5737772901975890780\surefirebooter9073968646180719203.jar C:\Users\SuperBin\AppData\Local\Temp\surefire5737772901975890780 2018-10-15T22-04-03_887-jvmRun1 surefire6897395331338672976tmp surefire_0825565828646618201tmp"/>
    <property name="surefire.test.class.path" value="D:\MyCode\sunhongbin\target\test-classes;D:\MyCode\sunhongbin\target\classes;D:\Maven repository\repository\junit\junit\4.11\junit-4.11.jar;D:\Maven repository\repository\org\hamcrest\hamcrest-core\1.3\hamcrest-core-1.3.jar;D:\Maven repository\repository\org\slf4j\slf4j-api\1.7.12\slf4j-api-1.7.12.jar;D:\Maven repository\repository\ch\qos\logback\logback-core\1.1.11\logback-core-1.1.11.jar;D:\Maven repository\repository\ch\qos\logback\logback-classic\1.2.3\logback-classic-1.2.3.jar;D:\Maven repository\repository\mysql\mysql-connector-java\5.1.37\mysql-connector-java-5.1.37.jar;D:\Maven repository\repository\c3p0\c3p0\0.9.1.2\c3p0-0.9.1.2.jar;D:\Maven repository\repository\org\mybatis\mybatis\3.3.0\mybatis-3.3.0.jar;D:\Maven repository\repository\org\mybatis\mybatis-spring\1.2.3\mybatis-spring-1.2.3.jar;D:\Maven repository\repository\taglibs\standard\1.1.2\standard-1.1.2.jar;D:\Maven repository\repository\jstl\jstl\1.2\jstl-1.2.jar;D:\Maven repository\repository\com\fasterxml\jackson\core\jackson-databind\2.5.4\jackson-databind-2.5.4.jar;D:\Maven repository\repository\com\fasterxml\jackson\core\jackson-annotations\2.5.0\jackson-annotations-2.5.0.jar;D:\Maven repository\repository\com\fasterxml\jackson\core\jackson-core\2.5.4\jackson-core-2.5.4.jar;D:\Maven repository\repository\javax\servlet\javax.servlet-api\3.1.0\javax.servlet-api-3.1.0.jar;D:\Maven repository\repository\org\springframework\spring-core\4.1.7.RELEASE\spring-core-4.1.7.RELEASE.jar;D:\Maven repository\repository\commons-logging\commons-logging\1.2\commons-logging-1.2.jar;D:\Maven repository\repository\org\springframework\spring-beans\4.1.7.RELEASE\spring-beans-4.1.7.RELEASE.jar;D:\Maven repository\repository\org\springframework\spring-context\4.1.7.RELEASE\spring-context-4.1.7.RELEASE.jar;D:\Maven repository\repository\org\springframework\spring-aop\4.1.7.RELEASE\spring-aop-4.1.7.RELEASE.jar;D:\Maven repository\repository\aopalliance\aopalliance\1.0\aopalliance-1.0.jar;D:\Maven repository\repository\org\springframework\spring-expression\4.1.7.RELEASE\spring-expression-4.1.7.RELEASE.jar;D:\Maven repository\repository\org\springframework\spring-jdbc\4.1.7.RELEASE\spring-jdbc-4.1.7.RELEASE.jar;D:\Maven repository\repository\org\springframework\spring-tx\4.1.7.RELEASE\spring-tx-4.1.7.RELEASE.jar;D:\Maven repository\repository\org\springframework\spring-web\4.1.7.RELEASE\spring-web-4.1.7.RELEASE.jar;D:\Maven repository\repository\org\springframework\spring-webmvc\4.1.7.RELEASE\spring-webmvc-4.1.7.RELEASE.jar;D:\Maven repository\repository\org\springframework\spring-test\4.1.7.RELEASE\spring-test-4.1.7.RELEASE.jar;D:\Maven repository\repository\redis\clients\jedis\2.7.3\jedis-2.7.3.jar;D:\Maven repository\repository\org\apache\commons\commons-pool2\2.3\commons-pool2-2.3.jar;D:\Maven repository\repository\com\dyuproject\protostuff\protostuff-core\1.0.8\protostuff-core-1.0.8.jar;D:\Maven repository\repository\com\dyuproject\protostuff\protostuff-api\1.0.8\protostuff-api-1.0.8.jar;D:\Maven repository\repository\com\dyuproject\protostuff\protostuff-runtime\1.0.8\protostuff-runtime-1.0.8.jar;D:\Maven repository\repository\com\dyuproject\protostuff\protostuff-collectionschema\1.0.8\protostuff-collectionschema-1.0.8.jar;D:\Maven repository\repository\commons-collections\commons-collections\3.2\commons-collections-3.2.jar;D:\Maven repository\repository\com\squareup\okhttp3\okhttp\3.11.0\okhttp-3.11.0.jar;D:\Maven repository\repository\com\squareup\okio\okio\1.14.0\okio-1.14.0.jar;"/>
    <property name="sun.cpu.endian" value="little"/>
    <property name="user.home" value="C:\Users\SuperBin"/>
    <property name="user.language" value="zh"/>
    <property name="java.specification.vendor" value="Oracle Corporation"/>
    <property name="java.home" value="C:\Program Files\Java\jdk1.8.0_181\jre"/>
    <property name="basedir" value="D:\MyCode\sunhongbin"/>
    <property name="file.separator" value="\"/>
    <property name="line.separator" value="&#10;"/>
    <property name="java.vm.specification.vendor" value="Oracle Corporation"/>
    <property name="java.specification.name" value="Java Platform API Specification"/>
    <property name="java.awt.graphicsenv" value="sun.awt.Win32GraphicsEnvironment"/>
    <property name="surefire.real.class.path" value="C:\Users\SuperBin\AppData\Local\Temp\surefire5737772901975890780\surefirebooter9073968646180719203.jar"/>
    <property name="sun.boot.class.path" value="C:\Program Files\Java\jdk1.8.0_181\jre\lib\resources.jar;C:\Program Files\Java\jdk1.8.0_181\jre\lib\rt.jar;C:\Program Files\Java\jdk1.8.0_181\jre\lib\sunrsasign.jar;C:\Program Files\Java\jdk1.8.0_181\jre\lib\jsse.jar;C:\Program Files\Java\jdk1.8.0_181\jre\lib\jce.jar;C:\Program Files\Java\jdk1.8.0_181\jre\lib\charsets.jar;C:\Program Files\Java\jdk1.8.0_181\jre\lib\jfr.jar;C:\Program Files\Java\jdk1.8.0_181\jre\classes"/>
    <property name="user.script" value=""/>
    <property name="sun.management.compiler" value="HotSpot 64-Bit Tiered Compilers"/>
    <property name="java.runtime.version" value="1.8.0_181-b13"/>
    <property name="user.name" value="SuperBin"/>
    <property name="path.separator" value=";"/>
    <property name="os.version" value="10.0"/>
    <property name="java.endorsed.dirs" value="C:\Program Files\Java\jdk1.8.0_181\jre\lib\endorsed"/>
    <property name="java.runtime.name" value="Java(TM) SE Runtime Environment"/>
    <property name="file.encoding" value="GBK"/>
    <property name="java.vm.name" value="Java HotSpot(TM) 64-Bit Server VM"/>
    <property name="localRepository" value="D:\Maven repository\repository"/>
    <property name="java.vendor.url.bug" value="http://bugreport.sun.com/bugreport/"/>
    <property name="java.io.tmpdir" value="C:\Users\SuperBin\AppData\Local\Temp\"/>
    <property name="idea.version" value="2018.2.3"/>
    <property name="java.version" value="1.8.0_181"/>
    <property name="user.dir" value="D:\MyCode\sunhongbin"/>
    <property name="os.arch" value="amd64"/>
    <property name="java.vm.specification.name" value="Java Virtual Machine Specification"/>
    <property name="java.awt.printerjob" value="sun.awt.windows.WPrinterJob"/>
    <property name="sun.os.patch.level" value=""/>
    <property name="java.library.path" value="C:\Program Files\Java\jdk1.8.0_181\jre\bin;C:\WINDOWS\Sun\Java\bin;C:\WINDOWS\system32;C:\WINDOWS;C:\Program Files (x86)\Common Files\Oracle\Java\javapath;C:\Windows\system32;C:\Windows;C:\Windows\System32\Wbem;C:\Windows\System32\WindowsPowerShell\v1.0\;C:\Program Files (x86)\NVIDIA Corporation\PhysX\Common;C:\Program Files\nodejs\;C:\apache-tomcat-8.0.53\bin;&quot;C:\Program Files\Java\jdk1.8.0_181\bin;C:\Program Files\Java\jdk1.8.0_181\jre\bin&quot;;C:\redis;C:\apache-maven-3.3.9\bin;C:\mysql-5.7.23-winx64\bin;D:\Program Files\Git\bin;;C:\WINDOWS\system32;C:\WINDOWS;C:\WINDOWS\System32\Wbem;C:\WINDOWS\System32\WindowsPowerShell\v1.0\;C:\WINDOWS\System32\OpenSSH\;D:\Python37\Scripts\;D:\Python37\;C:\Users\SuperBin\AppData\Local\Microsoft\WindowsApps;C:\Users\SuperBin\AppData\Roaming\npm;;."/>
    <property name="java.vm.info" value="mixed mode"/>
    <property name="java.vendor" value="Oracle Corporation"/>
    <property name="java.vm.version" value="25.181-b13"/>
    <property name="java.ext.dirs" value="C:\Program Files\Java\jdk1.8.0_181\jre\lib\ext;C:\WINDOWS\Sun\Java\lib\ext"/>
    <property name="sun.io.unicode.encoding" value="UnicodeLittle"/>
    <property name="maven.repo.local" value="D:\Maven repository\repository"/>
    <property name="java.class.version" value="52.0"/>
  </properties>
  <testcase name="queryById" classname="org.mcs.dao.UserDaoTest" time="0.385"/>
  <testcase name="insert" classname="org.mcs.dao.UserDaoTest" time="0.05">
    <error message="&#10;### Error updating database.  Cause: java.sql.SQLException: Field &apos;password&apos; doesn&apos;t have a default value&#10;### The error may involve org.mcs.dao.UserDao.insert-Inline&#10;### The error occurred while setting parameters&#10;### SQL: insert into user(name, user_phone, email, create_time)       values(?, ?, ?, ?)&#10;### Cause: java.sql.SQLException: Field &apos;password&apos; doesn&apos;t have a default value&#10;; SQL []; Field &apos;password&apos; doesn&apos;t have a default value; nested exception is java.sql.SQLException: Field &apos;password&apos; doesn&apos;t have a default value" type="org.springframework.dao.DataIntegrityViolationException">org.springframework.dao.DataIntegrityViolationException: 

### Error updating database.  Cause: java.sql.SQLException: Field 'password' doesn't have a default value
### The error may involve org.mcs.dao.UserDao.insert-Inline
### The error occurred while setting parameters
### SQL: insert into user(name, user_phone, email, create_time)       values(?, ?, ?, ?)
### Cause: java.sql.SQLException: Field 'password' doesn't have a default value
; SQL []; Field 'password' doesn't have a default value; nested exception is java.sql.SQLException: Field 'password' doesn't have a default value
	at org.mcs.dao.UserDaoTest.insert(UserDaoTest.java:41)
Caused by: java.sql.SQLException: Field 'password' doesn't have a default value
	at org.mcs.dao.UserDaoTest.insert(UserDaoTest.java:41)
</error>
    <system-err><![CDATA[十月 15, 2018 10:04:06 下午 org.springframework.beans.factory.xml.XmlBeanDefinitionReader loadBeanDefinitions
信息: Loading XML bean definitions from class path resource [org/springframework/jdbc/support/sql-error-codes.xml]
十月 15, 2018 10:04:06 下午 org.springframework.jdbc.support.SQLErrorCodesFactory <init>
信息: SQLErrorCodes loaded: [DB2, Derby, H2, HSQL, Informix, MS-SQL, MySQL, Oracle, PostgreSQL, Sybase, Hana]
]]></system-err>
  </testcase>
  <testcase name="deleteByPrimaryKey" classname="org.mcs.dao.UserDaoTest" time="0"/>
</testsuite>